{"numTotalTestSuites":6,"numPassedTestSuites":4,"numFailedTestSuites":2,"numPendingTestSuites":0,"numTotalTests":12,"numPassedTests":9,"numFailedTests":3,"numPendingTests":0,"numTodoTests":0,"snapshot":{"added":0,"failure":false,"filesAdded":0,"filesRemoved":0,"filesRemovedList":[],"filesUnmatched":0,"filesUpdated":0,"matched":0,"total":0,"unchecked":0,"uncheckedKeysByFile":[],"unmatched":0,"updated":0,"didUpdate":false},"startTime":1784022425999,"success":false,"testResults":[{"assertionResults":[{"ancestorTitles":["Get Phame regression contracts"],"fullName":"Get Phame regression contracts keeps the approved brand lockup and language selector in public navigation","status":"failed","title":"keeps the approved brand lockup and language selector in public navigation","duration":10.347346999999985,"failureMessages":["AssertionError: expected 'interface BrandLockupProps {\\n  class…' to contain 'GET PHAME'\n    at /home/ubuntu/review-rocket/server/getphame-regressions.test.ts:17:20\n    at file:///home/ubuntu/review-rocket/node_modules/.pnpm/@vitest+runner@4.1.9/node_modules/@vitest/runner/dist/chunk-artifact.js:302:11\n    at file:///home/ubuntu/review-rocket/node_modules/.pnpm/@vitest+runner@4.1.9/node_modules/@vitest/runner/dist/chunk-artifact.js:1903:26\n    at file:///home/ubuntu/review-rocket/node_modules/.pnpm/@vitest+runner@4.1.9/node_modules/@vitest/runner/dist/chunk-artifact.js:2326:20\n    at new Promise (<anonymous>)\n    at runWithCancel (file:///home/ubuntu/review-rocket/node_modules/.pnpm/@vitest+runner@4.1.9/node_modules/@vitest/runner/dist/chunk-artifact.js:2323:10)\n    at file:///home/ubuntu/review-rocket/node_modules/.pnpm/@vitest+runner@4.1.9/node_modules/@vitest/runner/dist/chunk-artifact.js:2305:20\n    at new Promise (<anonymous>)\n    at runWithTimeout (file:///home/ubuntu/review-rocket/node_modules/.pnpm/@vitest+runner@4.1.9/node_modules/@vitest/runner/dist/chunk-artifact.js:2272:10)\n    at file:///home/ubuntu/review-rocket/node_modules/.pnpm/@vitest+runner@4.1.9/node_modules/@vitest/runner/dist/chunk-artifact.js:2955:64"],"meta":{},"tags":[]},{"ancestorTitles":["Get Phame regression contracts"],"fullName":"Get Phame regression contracts uses the approved lockup throughout both onboarding experiences","status":"passed","title":"uses the approved lockup throughout both onboarding experiences","duration":0.9601609999999994,"failureMessages":[],"meta":{},"tags":[]},{"ancestorTitles":["Get Phame regression contracts"],"fullName":"Get Phame regression contracts keeps account status and plan controls Life-aware","status":"failed","title":"keeps account status and plan controls Life-aware","duration":4.685748999999987,"failureMessages":["AssertionError: expected '// Phame — Upgrade / Pricing page\\n//…' to contain 'setLocation(\"/cancel\")'\n    at /home/ubuntu/review-rocket/server/getphame-regressions.test.ts:39:21\n    at file:///home/ubuntu/review-rocket/node_modules/.pnpm/@vitest+runner@4.1.9/node_modules/@vitest/runner/dist/chunk-artifact.js:302:11\n    at file:///home/ubuntu/review-rocket/node_modules/.pnpm/@vitest+runner@4.1.9/node_modules/@vitest/runner/dist/chunk-artifact.js:1903:26\n    at file:///home/ubuntu/review-rocket/node_modules/.pnpm/@vitest+runner@4.1.9/node_modules/@vitest/runner/dist/chunk-artifact.js:2326:20\n    at new Promise (<anonymous>)\n    at runWithCancel (file:///home/ubuntu/review-rocket/node_modules/.pnpm/@vitest+runner@4.1.9/node_modules/@vitest/runner/dist/chunk-artifact.js:2323:10)\n    at file:///home/ubuntu/review-rocket/node_modules/.pnpm/@vitest+runner@4.1.9/node_modules/@vitest/runner/dist/chunk-artifact.js:2305:20\n    at new Promise (<anonymous>)\n    at runWithTimeout (file:///home/ubuntu/review-rocket/node_modules/.pnpm/@vitest+runner@4.1.9/node_modules/@vitest/runner/dist/chunk-artifact.js:2272:10)\n    at file:///home/ubuntu/review-rocket/node_modules/.pnpm/@vitest+runner@4.1.9/node_modules/@vitest/runner/dist/chunk-artifact.js:2955:64"],"meta":{},"tags":[]},{"ancestorTitles":["Get Phame regression contracts"],"fullName":"Get Phame regression contracts keeps language access visible while Settings loads a branded skeleton","status":"failed","title":"keeps language access visible while Settings loads a branded skeleton","duration":11.659210999999999,"failureMessages":["AssertionError: expected '// Phame — Settings Page\\n// Sections…' to contain 'function SettingsLoadingSkeleton'\n    at /home/ubuntu/review-rocket/server/getphame-regressions.test.ts:45:22\n    at file:///home/ubuntu/review-rocket/node_modules/.pnpm/@vitest+runner@4.1.9/node_modules/@vitest/runner/dist/chunk-artifact.js:302:11\n    at file:///home/ubuntu/review-rocket/node_modules/.pnpm/@vitest+runner@4.1.9/node_modules/@vitest/runner/dist/chunk-artifact.js:1903:26\n    at file:///home/ubuntu/review-rocket/node_modules/.pnpm/@vitest+runner@4.1.9/node_modules/@vitest/runner/dist/chunk-artifact.js:2326:20\n    at new Promise (<anonymous>)\n    at runWithCancel (file:///home/ubuntu/review-rocket/node_modules/.pnpm/@vitest+runner@4.1.9/node_modules/@vitest/runner/dist/chunk-artifact.js:2323:10)\n    at file:///home/ubuntu/review-rocket/node_modules/.pnpm/@vitest+runner@4.1.9/node_modules/@vitest/runner/dist/chunk-artifact.js:2305:20\n    at new Promise (<anonymous>)\n    at runWithTimeout (file:///home/ubuntu/review-rocket/node_modules/.pnpm/@vitest+runner@4.1.9/node_modules/@vitest/runner/dist/chunk-artifact.js:2272:10)\n    at file:///home/ubuntu/review-rocket/node_modules/.pnpm/@vitest+runner@4.1.9/node_modules/@vitest/runner/dist/chunk-artifact.js:2955:64"],"meta":{},"tags":[]}],"startTime":1784022426189,"endTime":1784022426216.6592,"status":"failed","message":"","name":"/home/ubuntu/review-rocket/server/getphame-regressions.test.ts"},{"assertionResults":[{"ancestorTitles":["Get Phame effective plans"],"fullName":"Get Phame effective plans maps free to user plan","status":"passed","title":"maps free to user plan","duration":1.7336699999999894,"failureMessages":[],"meta":{},"tags":[]},{"ancestorTitles":["Get Phame effective plans"],"fullName":"Get Phame effective plans maps pro to user plan","status":"passed","title":"maps pro to user plan","duration":0.38856399999997393,"failureMessages":[],"meta":{},"tags":[]},{"ancestorTitles":["Get Phame effective plans"],"fullName":"Get Phame effective plans maps annual to user plan","status":"passed","title":"maps annual to user plan","duration":0.17518400000000156,"failureMessages":[],"meta":{},"tags":[]},{"ancestorTitles":["Get Phame effective plans"],"fullName":"Get Phame effective plans maps lifetime to user plan","status":"passed","title":"maps lifetime to user plan","duration":0.10676300000000083,"failureMessages":[],"meta":{},"tags":[]},{"ancestorTitles":["Get Phame effective plans"],"fullName":"Get Phame effective plans treats every administrator as Life regardless of the stored tier","status":"passed","title":"treats every administrator as Life regardless of the stored tier","duration":0.2386200000000258,"failureMessages":[],"meta":{},"tags":[]},{"ancestorTitles":["Get Phame effective plans"],"fullName":"Get Phame effective plans only allows Monthly and Annual users to manage Stripe subscriptions","status":"passed","title":"only allows Monthly and Annual users to manage Stripe subscriptions","duration":0.16233099999999467,"failureMessages":[],"meta":{},"tags":[]}],"startTime":1784022426201,"endTime":1784022426203.2385,"status":"passed","message":"","name":"/home/ubuntu/review-rocket/server/plans.test.ts"},{"assertionResults":[{"ancestorTitles":["Settings locale coverage"],"fullName":"Settings locale coverage provides every Settings translation key in every supported locale","status":"passed","title":"provides every Settings translation key in every supported locale","duration":18.31045899999998,"failureMessages":[],"meta":{},"tags":[]},{"ancestorTitles":["Settings locale coverage"],"fullName":"Settings locale coverage keeps the supported-locale lists aligned and cache-busts updated dictionaries","status":"passed","title":"keeps the supported-locale lists aligned and cache-busts updated dictionaries","duration":0.38625099999998724,"failureMessages":[],"meta":{},"tags":[]}],"startTime":1784022426193,"endTime":1784022426211.3862,"status":"passed","message":"","name":"/home/ubuntu/review-rocket/server/settings-locales.test.ts"}]}